<?xml version="1.0" encoding="UTF-8"?>
<testsuite name="com.evoting.evoting.system.EVotingSystemApplicationTests" tests="1" skipped="0" failures="0" errors="0" timestamp="2023-09-14T16:16:26" hostname="IACADEMY-RAJI" time="0.77">
  <properties/>
  <testcase name="contextLoads()" classname="com.evoting.evoting.system.EVotingSystemApplicationTests" time="0.77"/>
  <system-out><![CDATA[Standard Commons Logging discovery in action with spring-jcl: please remove commons-logging.jar from classpath in order to avoid potential conflicts
17:16:10.515 [Test worker] INFO org.springframework.test.context.support.AnnotationConfigContextLoaderUtils -- Could not detect default configuration classes for test class [com.evoting.evoting.system.EVotingSystemApplicationTests]: EVotingSystemApplicationTests does not declare any static, non-private, non-final, nested classes annotated with @Configuration.
17:16:10.638 [Test worker] INFO org.springframework.boot.test.context.SpringBootTestContextBootstrapper -- Found @SpringBootConfiguration com.evoting.evoting.system.EVotingSystemApplication for test class com.evoting.evoting.system.EVotingSystemApplicationTests

  .   ____          _            __ _ _
 /\\ / ___'_ __ _ _(_)_ __  __ _ \ \ \ \
( ( )\___ | '_ | '_| | '_ \/ _` | \ \ \ \
 \\/  ___)| |_)| | | | | || (_| |  ) ) ) )
  '  |____| .__|_| |_|_| |_\__, | / / / /
 =========|_|==============|___/=/_/_/_/
 :: Spring Boot ::                (v3.1.2)

2023-09-14T17:16:11.039+01:00  WARN 18864 --- [    Test worker] ory$DuplicateJsonObjectContextCustomizer : 

Found multiple occurrences of org.json.JSONObject on the class path:

	jar:file:/C:/Users/kehinde.raji/.gradle/caches/modules-2/files-2.1/org.json/json/20160212/a742e3f85161835b95877478c5dd5b405cefaab9/json-20160212.jar!/org/json/JSONObject.class
	jar:file:/C:/Users/kehinde.raji/.gradle/caches/modules-2/files-2.1/com.vaadin.external.google/android-json/0.0.20131108.vaadin1/fa26d351fe62a6a17f5cda1287c1c6110dec413f/android-json-0.0.20131108.vaadin1.jar!/org/json/JSONObject.class

You may wish to exclude one of them to ensure predictable runtime behavior

2023-09-14T17:16:11.055+01:00  INFO 18864 --- [    Test worker] c.e.e.s.EVotingSystemApplicationTests    : Starting EVotingSystemApplicationTests using Java 19.0.2 with PID 18864 (started by Kehinde.Raji in C:\Users\kehinde.raji\Downloads\e-voting system\e-voting-system)
2023-09-14T17:16:11.055+01:00  INFO 18864 --- [    Test worker] c.e.e.s.EVotingSystemApplicationTests    : No active profile set, falling back to 1 default profile: "default"
2023-09-14T17:16:11.914+01:00  INFO 18864 --- [    Test worker] .s.d.r.c.RepositoryConfigurationDelegate : Bootstrapping Spring Data JPA repositories in DEFAULT mode.
2023-09-14T17:16:12.004+01:00  INFO 18864 --- [    Test worker] .s.d.r.c.RepositoryConfigurationDelegate : Finished Spring Data repository scanning in 84 ms. Found 7 JPA repository interfaces.
2023-09-14T17:16:12.536+01:00  INFO 18864 --- [    Test worker] o.hibernate.jpa.internal.util.LogHelper  : HHH000204: Processing PersistenceUnitInfo [name: default]
2023-09-14T17:16:12.612+01:00  INFO 18864 --- [    Test worker] org.hibernate.Version                    : HHH000412: Hibernate ORM core version 6.2.6.Final
2023-09-14T17:16:12.612+01:00  INFO 18864 --- [    Test worker] org.hibernate.cfg.Environment            : HHH000406: Using bytecode reflection optimizer
2023-09-14T17:16:12.793+01:00  INFO 18864 --- [    Test worker] o.h.b.i.BytecodeProviderInitiator        : HHH000021: Bytecode provider name : bytebuddy
2023-09-14T17:16:12.952+01:00  INFO 18864 --- [    Test worker] o.s.o.j.p.SpringPersistenceUnitInfo      : No LoadTimeWeaver setup: ignoring JPA class transformer
2023-09-14T17:16:12.970+01:00  INFO 18864 --- [    Test worker] com.zaxxer.hikari.HikariDataSource       : HikariPool-1 - Starting...
2023-09-14T17:16:14.998+01:00  INFO 18864 --- [    Test worker] com.zaxxer.hikari.pool.HikariPool        : HikariPool-1 - Added connection com.mysql.cj.jdbc.ConnectionImpl@6eaa6b0c
2023-09-14T17:16:15.015+01:00  INFO 18864 --- [    Test worker] com.zaxxer.hikari.HikariDataSource       : HikariPool-1 - Start completed.
2023-09-14T17:16:15.287+01:00  WARN 18864 --- [    Test worker] org.hibernate.dialect.Dialect            : HHH000511: The 5.5.0 version for [org.hibernate.dialect.MySQLDialect] is no longer supported, hence certain features may not work properly. The minimum supported version is 5.7.0. Check the community dialects project for available legacy versions.
2023-09-14T17:16:15.584+01:00  INFO 18864 --- [    Test worker] o.h.b.i.BytecodeProviderInitiator        : HHH000021: Bytecode provider name : bytebuddy
2023-09-14T17:16:16.377+01:00  INFO 18864 --- [    Test worker] o.h.e.t.j.p.i.JtaPlatformInitiator       : HHH000490: Using JtaPlatform implementation: [org.hibernate.engine.transaction.jta.platform.internal.NoJtaPlatform]
2023-09-14T17:16:24.756+01:00  INFO 18864 --- [    Test worker] j.LocalContainerEntityManagerFactoryBean : Initialized JPA EntityManagerFactory for persistence unit 'default'
2023-09-14T17:16:25.454+01:00  WARN 18864 --- [    Test worker] JpaBaseConfiguration$JpaWebConfiguration : spring.jpa.open-in-view is enabled by default. Therefore, database queries may be performed during view rendering. Explicitly configure spring.jpa.open-in-view to disable this warning
2023-09-14T17:16:25.767+01:00  INFO 18864 --- [    Test worker] o.s.s.web.DefaultSecurityFilterChain     : Will secure any request with [org.springframework.security.web.session.DisableEncodeUrlFilter@4d20cbb5, org.springframework.security.web.context.request.async.WebAsyncManagerIntegrationFilter@74eae1e0, org.springframework.security.web.context.SecurityContextHolderFilter@63e81ac6, org.springframework.security.web.header.HeaderWriterFilter@3e5febe9, org.springframework.web.filter.CorsFilter@3c3357c7, org.springframework.security.web.authentication.logout.LogoutFilter@29767156, com.evoting.evoting.system.security.JwtAuthenticationFilter@61d4155b, org.springframework.security.web.authentication.www.BasicAuthenticationFilter@f36c8b1, org.springframework.security.web.savedrequest.RequestCacheAwareFilter@2396dc4e, org.springframework.security.web.servletapi.SecurityContextHolderAwareRequestFilter@7bb888b7, org.springframework.security.web.authentication.AnonymousAuthenticationFilter@506d7fed, org.springframework.security.web.session.SessionManagementFilter@1fd73dcb, org.springframework.security.web.access.ExceptionTranslationFilter@2e04c89d, org.springframework.security.web.access.intercept.AuthorizationFilter@735dc133]
2023-09-14T17:16:26.129+01:00  INFO 18864 --- [    Test worker] c.e.e.s.EVotingSystemApplicationTests    : Started EVotingSystemApplicationTests in 15.319 seconds (process running for 16.714)
]]></system-out>
  <system-err><![CDATA[]]></system-err>
</testsuite>
