<?xml version="1.0" encoding="UTF-8"?>
<testsuite name="com.evoting.evoting.system.EVotingSystemApplicationTests" tests="1" skipped="0" failures="0" errors="0" timestamp="2023-09-14T14:20:58" hostname="IACADEMY-RAJI" time="1.049">
  <properties/>
  <testcase name="contextLoads()" classname="com.evoting.evoting.system.EVotingSystemApplicationTests" time="1.049"/>
  <system-out><![CDATA[Standard Commons Logging discovery in action with spring-jcl: please remove commons-logging.jar from classpath in order to avoid potential conflicts
15:20:06.064 [Test worker] INFO org.springframework.test.context.support.AnnotationConfigContextLoaderUtils -- Could not detect default configuration classes for test class [com.evoting.evoting.system.EVotingSystemApplicationTests]: EVotingSystemApplicationTests does not declare any static, non-private, non-final, nested classes annotated with @Configuration.
15:20:06.250 [Test worker] INFO org.springframework.boot.test.context.SpringBootTestContextBootstrapper -- Found @SpringBootConfiguration com.evoting.evoting.system.EVotingSystemApplication for test class com.evoting.evoting.system.EVotingSystemApplicationTests

  .   ____          _            __ _ _
 /\\ / ___'_ __ _ _(_)_ __  __ _ \ \ \ \
( ( )\___ | '_ | '_| | '_ \/ _` | \ \ \ \
 \\/  ___)| |_)| | | | | || (_| |  ) ) ) )
  '  |____| .__|_| |_|_| |_\__, | / / / /
 =========|_|==============|___/=/_/_/_/
 :: Spring Boot ::                (v3.1.2)

2023-09-14T15:20:07.004+01:00  WARN 17924 --- [    Test worker] ory$DuplicateJsonObjectContextCustomizer : 

Found multiple occurrences of org.json.JSONObject on the class path:

	jar:file:/C:/Users/kehinde.raji/.gradle/caches/modules-2/files-2.1/org.json/json/20160212/a742e3f85161835b95877478c5dd5b405cefaab9/json-20160212.jar!/org/json/JSONObject.class
	jar:file:/C:/Users/kehinde.raji/.gradle/caches/modules-2/files-2.1/com.vaadin.external.google/android-json/0.0.20131108.vaadin1/fa26d351fe62a6a17f5cda1287c1c6110dec413f/android-json-0.0.20131108.vaadin1.jar!/org/json/JSONObject.class

You may wish to exclude one of them to ensure predictable runtime behavior

2023-09-14T15:20:07.035+01:00  INFO 17924 --- [    Test worker] c.e.e.s.EVotingSystemApplicationTests    : Starting EVotingSystemApplicationTests using Java 19.0.2 with PID 17924 (started by Kehinde.Raji in C:\Users\kehinde.raji\Downloads\e-voting system\e-voting-system)
2023-09-14T15:20:07.038+01:00  INFO 17924 --- [    Test worker] c.e.e.s.EVotingSystemApplicationTests    : No active profile set, falling back to 1 default profile: "default"
2023-09-14T15:20:08.730+01:00  INFO 17924 --- [    Test worker] .s.d.r.c.RepositoryConfigurationDelegate : Bootstrapping Spring Data JPA repositories in DEFAULT mode.
2023-09-14T15:20:08.916+01:00  INFO 17924 --- [    Test worker] .s.d.r.c.RepositoryConfigurationDelegate : Finished Spring Data repository scanning in 162 ms. Found 7 JPA repository interfaces.
2023-09-14T15:20:09.819+01:00  INFO 17924 --- [    Test worker] o.hibernate.jpa.internal.util.LogHelper  : HHH000204: Processing PersistenceUnitInfo [name: default]
2023-09-14T15:20:09.989+01:00  INFO 17924 --- [    Test worker] org.hibernate.Version                    : HHH000412: Hibernate ORM core version 6.2.6.Final
2023-09-14T15:20:09.994+01:00  INFO 17924 --- [    Test worker] org.hibernate.cfg.Environment            : HHH000406: Using bytecode reflection optimizer
2023-09-14T15:20:10.315+01:00  INFO 17924 --- [    Test worker] o.h.b.i.BytecodeProviderInitiator        : HHH000021: Bytecode provider name : bytebuddy
2023-09-14T15:20:10.601+01:00  INFO 17924 --- [    Test worker] o.s.o.j.p.SpringPersistenceUnitInfo      : No LoadTimeWeaver setup: ignoring JPA class transformer
2023-09-14T15:20:10.631+01:00  INFO 17924 --- [    Test worker] com.zaxxer.hikari.HikariDataSource       : HikariPool-1 - Starting...
2023-09-14T15:20:18.445+01:00  INFO 17924 --- [    Test worker] com.zaxxer.hikari.pool.HikariPool        : HikariPool-1 - Added connection com.mysql.cj.jdbc.ConnectionImpl@5423a17
2023-09-14T15:20:18.447+01:00  INFO 17924 --- [    Test worker] com.zaxxer.hikari.HikariDataSource       : HikariPool-1 - Start completed.
2023-09-14T15:20:18.776+01:00  WARN 17924 --- [    Test worker] org.hibernate.dialect.Dialect            : HHH000511: The 5.5.0 version for [org.hibernate.dialect.MySQLDialect] is no longer supported, hence certain features may not work properly. The minimum supported version is 5.7.0. Check the community dialects project for available legacy versions.
2023-09-14T15:20:19.245+01:00  INFO 17924 --- [    Test worker] o.h.b.i.BytecodeProviderInitiator        : HHH000021: Bytecode provider name : bytebuddy
2023-09-14T15:20:20.565+01:00  INFO 17924 --- [    Test worker] o.h.e.t.j.p.i.JtaPlatformInitiator       : HHH000490: Using JtaPlatform implementation: [org.hibernate.engine.transaction.jta.platform.internal.NoJtaPlatform]
2023-09-14T15:20:56.523+01:00  INFO 17924 --- [    Test worker] j.LocalContainerEntityManagerFactoryBean : Initialized JPA EntityManagerFactory for persistence unit 'default'
2023-09-14T15:20:57.505+01:00  WARN 17924 --- [    Test worker] JpaBaseConfiguration$JpaWebConfiguration : spring.jpa.open-in-view is enabled by default. Therefore, database queries may be performed during view rendering. Explicitly configure spring.jpa.open-in-view to disable this warning
2023-09-14T15:20:57.923+01:00  INFO 17924 --- [    Test worker] o.s.s.web.DefaultSecurityFilterChain     : Will secure any request with [org.springframework.security.web.session.DisableEncodeUrlFilter@411e567e, org.springframework.security.web.context.request.async.WebAsyncManagerIntegrationFilter@4e58eda2, org.springframework.security.web.context.SecurityContextHolderFilter@2a49753, org.springframework.security.web.header.HeaderWriterFilter@2396dc4e, org.springframework.web.filter.CorsFilter@75f9a35a, org.springframework.security.web.authentication.logout.LogoutFilter@52a3eba3, com.evoting.evoting.system.security.JwtAuthenticationFilter@62f3ad90, org.springframework.security.web.authentication.www.BasicAuthenticationFilter@655d5285, org.springframework.security.web.savedrequest.RequestCacheAwareFilter@1784fcab, org.springframework.security.web.servletapi.SecurityContextHolderAwareRequestFilter@63e4bbf9, org.springframework.security.web.authentication.AnonymousAuthenticationFilter@7acbd3d0, org.springframework.security.web.session.SessionManagementFilter@63d43a5, org.springframework.security.web.access.ExceptionTranslationFilter@63e81ac6, org.springframework.security.web.access.intercept.AuthorizationFilter@6a08113d]
2023-09-14T15:20:58.340+01:00  INFO 17924 --- [    Test worker] c.e.e.s.EVotingSystemApplicationTests    : Started EVotingSystemApplicationTests in 51.79 seconds (process running for 54.906)
]]></system-out>
  <system-err><![CDATA[]]></system-err>
</testsuite>
